<icon src='./resources/android/icon/drawable-xxhdpi-icon.png' />
<icon src='./resources/android/icon/drawable-xhdpi-icon.png' />
<icon src='./resources/android/icon/drawable-hdpi-icon.png' />
<icon src='./resources/android/icon/drawable-ldpi-icon.png' />
<icon src='./resources/android/icon/drawable-xxxhdpi-icon.png' />
<icon src='./resources/android/icon/drawable-mdpi-icon.png' />
<icon src='./resources/ios/icon/icon-40@3x.png' />
<icon src='./resources/ios/icon/icon.png' />
<icon src='./resources/ios/icon/icon@2x.png' />
<icon src='./resources/ios/icon/icon-40.png' />
<icon src='./resources/ios/icon/icon-76@2x.png' />
<icon src='./resources/ios/icon/icon-60@2x.png' />
<icon src='./resources/ios/icon/icon-72@2x.png' />
<icon src='./resources/ios/icon/icon-small@2x.png' />
<icon src='./resources/ios/icon/icon-83.5@2x.png' />
<icon src='./resources/ios/icon/icon-1024.png' />
<icon src='./resources/ios/icon/icon-small.png' />
<icon src='./resources/ios/icon/icon-60@3x.png' />
<icon src='./resources/ios/icon/icon-50.png' />
<icon src='./resources/ios/icon/icon-72.png' />
<icon src='./resources/ios/icon/icon-50@2x.png' />
<icon src='./resources/ios/icon/icon-76.png' />
<icon src='./resources/ios/icon/icon-small@3x.png' />
<icon src='./resources/ios/icon/icon-40@2x.png' />
<icon src='./resources/ios/icon/icon-60.png' />
<icon src='./resources/android/splash/drawable-port-ldpi-screen.png' />
<icon src='./resources/android/splash/drawable-land-mdpi-screen.png' />
<icon src='./resources/android/splash/drawable-land-xxhdpi-screen.png' />
<icon src='./resources/android/splash/drawable-port-hdpi-screen.png' />
<icon src='./resources/android/splash/drawable-land-hdpi-screen.png' />
<icon src='./resources/android/splash/drawable-land-xxxhdpi-screen.png' />
<icon src='./resources/android/splash/drawable-port-xhdpi-screen.png' />
<icon src='./resources/android/splash/drawable-port-xxxhdpi-screen.png' />
<icon src='./resources/android/splash/drawable-port-mdpi-screen.png' />
<icon src='./resources/android/splash/drawable-land-xhdpi-screen.png' />
<icon src='./resources/android/splash/drawable-land-ldpi-screen.png' />
<icon src='./resources/android/splash/drawable-port-xxhdpi-screen.png' />
<icon src='./resources/ios/splash/Default-568h@2x~iphone.png' />
<icon src='./resources/ios/splash/Default~iphone.png' />
<icon src='./resources/ios/splash/Default-667h.png' />
<icon src='./resources/ios/splash/Default-Portrait~ipad.png' />
<icon src='./resources/ios/splash/Default-736h.png' />
<icon src='./resources/ios/splash/Default-Landscape@~ipadpro.png' />
<icon src='./resources/ios/splash/Default-Landscape~ipad.png' />
<icon src='./resources/ios/splash/Default-Landscape@2x~ipad.png' />
<icon src='./resources/ios/splash/Default-Portrait@~ipadpro.png' />
<icon src='./resources/ios/splash/Default@2x~universal~anyany.png' />
<icon src='./resources/ios/splash/Default-Portrait@2x~ipad.png' />
<icon src='./resources/ios/splash/Default@2x~iphone.png' />
<icon src='./resources/ios/splash/Default-Landscape-736h.png' />
